FILE_TYPE=LIBRARY_PARTS;
PRIMITIVE 'GR442QR73D102KW01L','GR442QR73D102KW01L_Other';
  PIN
    '1':
      PIN_NUMBER='(1)';
      NO_LOAD_CHECK=BOTH;
      NO_IO_CHECK=BOTH;
      ALLOW_CONNECT=TRUE;
      PINUSE='UNSPEC';
    '2':
      PIN_NUMBER='(2)';
      NO_LOAD_CHECK=BOTH;
      NO_IO_CHECK=BOTH;
      ALLOW_CONNECT=TRUE;
      PINUSE='UNSPEC';
  END_PIN;
  BODY
    PART_NAME='GR442QR73D102KW01L';
    PHYS_DES_PREFIX='C';
    NO_LOAD_CHECK='TRUE';
    PIN_COUNT='2';
    BODY_NAME='GR442QR73D102KW01L';
    JEDEC_TYPE='GR442QR73D821KW010';
  END_BODY;
END_PRIMITIVE;
END.
