FILE_TYPE=LIBRARY_PARTS;
PRIMITIVE 'ECA_1VM101','ECA_1VM101_Capacitor, Polarized Radial Diameter';
  PIN
    '+':
      PIN_NUMBER='(1)';
      NO_LOAD_CHECK=BOTH;
      NO_IO_CHECK=BOTH;
      ALLOW_CONNECT=TRUE;
      PINUSE='UNSPEC';
    '-':
      PIN_NUMBER='(2)';
      NO_LOAD_CHECK=BOTH;
      NO_IO_CHECK=BOTH;
      ALLOW_CONNECT=TRUE;
      PINUSE='UNSPEC';
  END_PIN;
  BODY
    PART_NAME='ECA_1VM101';
    PHYS_DES_PREFIX='C';
    NO_LOAD_CHECK='TRUE';
    PIN_COUNT='2';
    BODY_NAME='ECA_1VM101';
    JEDEC_TYPE='CAPPRD250W55D655H1220';
  END_BODY;
END_PRIMITIVE;
END.
